<?xml version="1.0" encoding="UTF-8"?>
<!-- Generated by org.testng.reporters.JUnitXMLReporter -->
<testsuite ignored="2" hostname="Madhu_Sudhakar" failures="0" tests="11" name="Test" time="144.327" errors="0" timestamp="2024-04-23T22:30:11 IST">
  <testcase classname="OpenWeather.ZenoAssigment.MainTestClass" name="guidePage" time="0.654"/>
  <testcase classname="OpenWeather.ZenoAssigment.MainTestClass" name="weatherDetails" time="4.307"/>
  <testcase classname="OpenWeather.ZenoAssigment.MainTestClass" name="weatherDetails" time="3.831"/>
  <testcase classname="OpenWeather.ZenoAssigment.MainTestClass" name="weatherDetails" time="23.438"/>
  <testcase classname="OpenWeather.ZenoAssigment.MainTestClass" name="weatherDetails" time="3.952"/>
  <testcase classname="OpenWeather.ZenoAssigment.MainTestClass" name="weatherDetails" time="6.152"/>
  <testcase classname="OpenWeather.ZenoAssigment.MainTestClass" name="weatherInYourCity" time="8.951"/>
  <testcase classname="OpenWeather.ZenoAssigment.MainTestClass" name="weatherInYourCity" time="8.343"/>
  <testcase classname="OpenWeather.ZenoAssigment.MainTestClass" name="weatherInYourCity" time="19.065"/>
  <testcase classname="OpenWeather.ZenoAssigment.MainTestClass" name="weatherInYourCity" time="8.121"/>
  <testcase classname="OpenWeather.ZenoAssigment.MainTestClass" name="weatherInYourCity" time="13.491"/>
  <testcase classname="OpenWeather.ZenoAssigment.MainTestClass" name="cityWeather" time="0.0">
    <ignored/>
  </testcase> <!-- cityWeather -->
  <testcase classname="OpenWeather.ZenoAssigment.MainTestClass" name="mapLayer" time="0.0">
    <ignored/>
  </testcase> <!-- mapLayer -->
</testsuite> <!-- Test -->
