<?xml version="1.0" encoding="UTF-8"?>
<!-- Generated by org.testng.reporters.JUnitXMLReporter -->
<testsuite ignored="2" hostname="Madhu_Sudhakar" failures="0" tests="11" name="Test" time="146.478" errors="0" timestamp="2024-04-23T23:09:16 IST">
  <testcase classname="OpenWeather.ZenoAssigment.MainTestClass" name="guidePage" time="0.725"/>
  <testcase classname="OpenWeather.ZenoAssigment.MainTestClass" name="weatherDetails" time="3.913"/>
  <testcase classname="OpenWeather.ZenoAssigment.MainTestClass" name="weatherDetails" time="3.667"/>
  <testcase classname="OpenWeather.ZenoAssigment.MainTestClass" name="weatherDetails" time="23.884"/>
  <testcase classname="OpenWeather.ZenoAssigment.MainTestClass" name="weatherDetails" time="7.136"/>
  <testcase classname="OpenWeather.ZenoAssigment.MainTestClass" name="weatherDetails" time="4.317"/>
  <testcase classname="OpenWeather.ZenoAssigment.MainTestClass" name="weatherInYourCity" time="9.94"/>
  <testcase classname="OpenWeather.ZenoAssigment.MainTestClass" name="weatherInYourCity" time="8.08"/>
  <testcase classname="OpenWeather.ZenoAssigment.MainTestClass" name="weatherInYourCity" time="19.224"/>
  <testcase classname="OpenWeather.ZenoAssigment.MainTestClass" name="weatherInYourCity" time="15.273"/>
  <testcase classname="OpenWeather.ZenoAssigment.MainTestClass" name="weatherInYourCity" time="8.393"/>
  <testcase classname="OpenWeather.ZenoAssigment.MainTestClass" name="mapLayer" time="0.0">
    <ignored/>
  </testcase> <!-- mapLayer -->
  <testcase classname="OpenWeather.ZenoAssigment.MainTestClass" name="cityWeather" time="0.0">
    <ignored/>
  </testcase> <!-- cityWeather -->
</testsuite> <!-- Test -->
