<?xml version="1.0" encoding="UTF-8"?>
<testng-results ignored="0" total="11" passed="11" failed="0" skipped="0">
  <reporter-output>
  </reporter-output>
  <suite started-at="2024-04-23T22:27:47 IST" name="Suite" finished-at="2024-04-23T22:30:11 IST" duration-ms="144327">
    <groups>
    </groups>
    <test started-at="2024-04-23T22:27:47 IST" name="Test" finished-at="2024-04-23T22:30:11 IST" duration-ms="144327">
      <class name="OpenWeather.ZenoAssigment.MainTestClass">
        <test-method is-config="true" signature="engine()[pri:0, instance:OpenWeather.ZenoAssigment.MainTestClass@3b0fe47a]" started-at="2024-04-23T22:27:47 IST" name="engine" finished-at="2024-04-23T22:27:47 IST" duration-ms="271" status="PASS">
          <reporter-output>
          </reporter-output>
        </test-method> <!-- engine -->
        <test-method is-config="true" signature="start()[pri:0, instance:OpenWeather.ZenoAssigment.MainTestClass@3b0fe47a]" started-at="2024-04-23T22:27:47 IST" name="start" finished-at="2024-04-23T22:27:52 IST" duration-ms="4354" status="PASS">
          <reporter-output>
          </reporter-output>
        </test-method> <!-- start -->
        <test-method signature="guidePage()[pri:0, instance:OpenWeather.ZenoAssigment.MainTestClass@3b0fe47a]" started-at="2024-04-23T22:27:52 IST" name="guidePage" finished-at="2024-04-23T22:27:52 IST" duration-ms="654" status="PASS">
          <reporter-output>
          </reporter-output>
        </test-method> <!-- guidePage -->
        <test-method is-config="true" signature="stop()[pri:0, instance:OpenWeather.ZenoAssigment.MainTestClass@3b0fe47a]" started-at="2024-04-23T22:27:52 IST" name="stop" finished-at="2024-04-23T22:27:53 IST" duration-ms="160" status="PASS">
          <reporter-output>
          </reporter-output>
        </test-method> <!-- stop -->
        <test-method is-config="true" signature="start()[pri:0, instance:OpenWeather.ZenoAssigment.MainTestClass@3b0fe47a]" started-at="2024-04-23T22:27:53 IST" name="start" finished-at="2024-04-23T22:27:57 IST" duration-ms="4376" status="PASS">
          <reporter-output>
          </reporter-output>
        </test-method> <!-- start -->
        <test-method signature="weatherDetails(java.lang.String)[pri:0, instance:OpenWeather.ZenoAssigment.MainTestClass@3b0fe47a]" started-at="2024-04-23T22:27:57 IST" name="weatherDetails" data-provider="getDataOne" finished-at="2024-04-23T22:28:01 IST" duration-ms="4307" status="PASS">
          <params>
            <param index="0">
              <value>
                <![CDATA[Location]]>
              </value>
            </param>
          </params>
          <reporter-output>
          </reporter-output>
        </test-method> <!-- weatherDetails -->
        <test-method is-config="true" signature="stop()[pri:0, instance:OpenWeather.ZenoAssigment.MainTestClass@3b0fe47a]" started-at="2024-04-23T22:28:01 IST" name="stop" finished-at="2024-04-23T22:28:01 IST" duration-ms="139" status="PASS">
          <reporter-output>
          </reporter-output>
        </test-method> <!-- stop -->
        <test-method is-config="true" signature="start()[pri:0, instance:OpenWeather.ZenoAssigment.MainTestClass@3b0fe47a]" started-at="2024-04-23T22:28:01 IST" name="start" finished-at="2024-04-23T22:28:05 IST" duration-ms="3574" status="PASS">
          <reporter-output>
          </reporter-output>
        </test-method> <!-- start -->
        <test-method signature="weatherDetails(java.lang.String)[pri:0, instance:OpenWeather.ZenoAssigment.MainTestClass@3b0fe47a]" started-at="2024-04-23T22:28:05 IST" name="weatherDetails" data-provider="getDataOne" finished-at="2024-04-23T22:28:09 IST" duration-ms="3831" status="PASS">
          <params>
            <param index="0">
              <value>
                <![CDATA[Pune]]>
              </value>
            </param>
          </params>
          <reporter-output>
          </reporter-output>
        </test-method> <!-- weatherDetails -->
        <test-method is-config="true" signature="stop()[pri:0, instance:OpenWeather.ZenoAssigment.MainTestClass@3b0fe47a]" started-at="2024-04-23T22:28:09 IST" name="stop" finished-at="2024-04-23T22:28:09 IST" duration-ms="124" status="PASS">
          <reporter-output>
          </reporter-output>
        </test-method> <!-- stop -->
        <test-method is-config="true" signature="start()[pri:0, instance:OpenWeather.ZenoAssigment.MainTestClass@3b0fe47a]" started-at="2024-04-23T22:28:09 IST" name="start" finished-at="2024-04-23T22:28:13 IST" duration-ms="3595" status="PASS">
          <reporter-output>
          </reporter-output>
        </test-method> <!-- start -->
        <test-method signature="weatherDetails(java.lang.String)[pri:0, instance:OpenWeather.ZenoAssigment.MainTestClass@3b0fe47a]" started-at="2024-04-23T22:28:13 IST" name="weatherDetails" data-provider="getDataOne" finished-at="2024-04-23T22:28:36 IST" duration-ms="23438" status="PASS">
          <params>
            <param index="0">
              <value>
                <![CDATA[yaragudi]]>
              </value>
            </param>
          </params>
          <reporter-output>
          </reporter-output>
        </test-method> <!-- weatherDetails -->
        <test-method is-config="true" signature="stop()[pri:0, instance:OpenWeather.ZenoAssigment.MainTestClass@3b0fe47a]" started-at="2024-04-23T22:28:36 IST" name="stop" finished-at="2024-04-23T22:28:36 IST" duration-ms="151" status="PASS">
          <reporter-output>
          </reporter-output>
        </test-method> <!-- stop -->
        <test-method is-config="true" signature="start()[pri:0, instance:OpenWeather.ZenoAssigment.MainTestClass@3b0fe47a]" started-at="2024-04-23T22:28:36 IST" name="start" finished-at="2024-04-23T22:28:40 IST" duration-ms="3566" status="PASS">
          <reporter-output>
          </reporter-output>
        </test-method> <!-- start -->
        <test-method signature="weatherDetails(java.lang.String)[pri:0, instance:OpenWeather.ZenoAssigment.MainTestClass@3b0fe47a]" started-at="2024-04-23T22:28:40 IST" name="weatherDetails" data-provider="getDataOne" finished-at="2024-04-23T22:28:44 IST" duration-ms="3952" status="PASS">
          <params>
            <param index="0">
              <value>
                <![CDATA[Mumbai]]>
              </value>
            </param>
          </params>
          <reporter-output>
          </reporter-output>
        </test-method> <!-- weatherDetails -->
        <test-method is-config="true" signature="stop()[pri:0, instance:OpenWeather.ZenoAssigment.MainTestClass@3b0fe47a]" started-at="2024-04-23T22:28:44 IST" name="stop" finished-at="2024-04-23T22:28:44 IST" duration-ms="122" status="PASS">
          <reporter-output>
          </reporter-output>
        </test-method> <!-- stop -->
        <test-method is-config="true" signature="start()[pri:0, instance:OpenWeather.ZenoAssigment.MainTestClass@3b0fe47a]" started-at="2024-04-23T22:28:44 IST" name="start" finished-at="2024-04-23T22:28:47 IST" duration-ms="3603" status="PASS">
          <reporter-output>
          </reporter-output>
        </test-method> <!-- start -->
        <test-method signature="weatherDetails(java.lang.String)[pri:0, instance:OpenWeather.ZenoAssigment.MainTestClass@3b0fe47a]" started-at="2024-04-23T22:28:47 IST" name="weatherDetails" data-provider="getDataOne" finished-at="2024-04-23T22:28:54 IST" duration-ms="6152" status="PASS">
          <params>
            <param index="0">
              <value>
                <![CDATA[Agra]]>
              </value>
            </param>
          </params>
          <reporter-output>
          </reporter-output>
        </test-method> <!-- weatherDetails -->
        <test-method is-config="true" signature="stop()[pri:0, instance:OpenWeather.ZenoAssigment.MainTestClass@3b0fe47a]" started-at="2024-04-23T22:28:54 IST" name="stop" finished-at="2024-04-23T22:28:54 IST" duration-ms="195" status="PASS">
          <reporter-output>
          </reporter-output>
        </test-method> <!-- stop -->
        <test-method is-config="true" signature="start()[pri:0, instance:OpenWeather.ZenoAssigment.MainTestClass@3b0fe47a]" started-at="2024-04-23T22:28:54 IST" name="start" finished-at="2024-04-23T22:28:58 IST" duration-ms="3957" status="PASS">
          <reporter-output>
          </reporter-output>
        </test-method> <!-- start -->
        <test-method signature="weatherInYourCity(java.lang.String)[pri:0, instance:OpenWeather.ZenoAssigment.MainTestClass@3b0fe47a]" started-at="2024-04-23T22:28:58 IST" name="weatherInYourCity" data-provider="getDataOne" finished-at="2024-04-23T22:29:07 IST" duration-ms="8951" status="PASS">
          <params>
            <param index="0">
              <value>
                <![CDATA[Location]]>
              </value>
            </param>
          </params>
          <reporter-output>
          </reporter-output>
        </test-method> <!-- weatherInYourCity -->
        <test-method is-config="true" signature="stop()[pri:0, instance:OpenWeather.ZenoAssigment.MainTestClass@3b0fe47a]" started-at="2024-04-23T22:29:07 IST" name="stop" finished-at="2024-04-23T22:29:07 IST" duration-ms="147" status="PASS">
          <reporter-output>
          </reporter-output>
        </test-method> <!-- stop -->
        <test-method is-config="true" signature="start()[pri:0, instance:OpenWeather.ZenoAssigment.MainTestClass@3b0fe47a]" started-at="2024-04-23T22:29:07 IST" name="start" finished-at="2024-04-23T22:29:11 IST" duration-ms="3923" status="PASS">
          <reporter-output>
          </reporter-output>
        </test-method> <!-- start -->
        <test-method signature="weatherInYourCity(java.lang.String)[pri:0, instance:OpenWeather.ZenoAssigment.MainTestClass@3b0fe47a]" started-at="2024-04-23T22:29:11 IST" name="weatherInYourCity" data-provider="getDataOne" finished-at="2024-04-23T22:29:19 IST" duration-ms="8343" status="PASS">
          <params>
            <param index="0">
              <value>
                <![CDATA[Pune]]>
              </value>
            </param>
          </params>
          <reporter-output>
          </reporter-output>
        </test-method> <!-- weatherInYourCity -->
        <test-method is-config="true" signature="stop()[pri:0, instance:OpenWeather.ZenoAssigment.MainTestClass@3b0fe47a]" started-at="2024-04-23T22:29:19 IST" name="stop" finished-at="2024-04-23T22:29:19 IST" duration-ms="153" status="PASS">
          <reporter-output>
          </reporter-output>
        </test-method> <!-- stop -->
        <test-method is-config="true" signature="start()[pri:0, instance:OpenWeather.ZenoAssigment.MainTestClass@3b0fe47a]" started-at="2024-04-23T22:29:19 IST" name="start" finished-at="2024-04-23T22:29:23 IST" duration-ms="3666" status="PASS">
          <reporter-output>
          </reporter-output>
        </test-method> <!-- start -->
        <test-method signature="weatherInYourCity(java.lang.String)[pri:0, instance:OpenWeather.ZenoAssigment.MainTestClass@3b0fe47a]" started-at="2024-04-23T22:29:23 IST" name="weatherInYourCity" data-provider="getDataOne" finished-at="2024-04-23T22:29:42 IST" duration-ms="19065" status="PASS">
          <params>
            <param index="0">
              <value>
                <![CDATA[yaragudi]]>
              </value>
            </param>
          </params>
          <reporter-output>
          </reporter-output>
        </test-method> <!-- weatherInYourCity -->
        <test-method is-config="true" signature="stop()[pri:0, instance:OpenWeather.ZenoAssigment.MainTestClass@3b0fe47a]" started-at="2024-04-23T22:29:42 IST" name="stop" finished-at="2024-04-23T22:29:42 IST" duration-ms="169" status="PASS">
          <reporter-output>
          </reporter-output>
        </test-method> <!-- stop -->
        <test-method is-config="true" signature="start()[pri:0, instance:OpenWeather.ZenoAssigment.MainTestClass@3b0fe47a]" started-at="2024-04-23T22:29:42 IST" name="start" finished-at="2024-04-23T22:29:46 IST" duration-ms="3550" status="PASS">
          <reporter-output>
          </reporter-output>
        </test-method> <!-- start -->
        <test-method signature="weatherInYourCity(java.lang.String)[pri:0, instance:OpenWeather.ZenoAssigment.MainTestClass@3b0fe47a]" started-at="2024-04-23T22:29:46 IST" name="weatherInYourCity" data-provider="getDataOne" finished-at="2024-04-23T22:29:54 IST" duration-ms="8121" status="PASS">
          <params>
            <param index="0">
              <value>
                <![CDATA[Mumbai]]>
              </value>
            </param>
          </params>
          <reporter-output>
          </reporter-output>
        </test-method> <!-- weatherInYourCity -->
        <test-method is-config="true" signature="stop()[pri:0, instance:OpenWeather.ZenoAssigment.MainTestClass@3b0fe47a]" started-at="2024-04-23T22:29:54 IST" name="stop" finished-at="2024-04-23T22:29:54 IST" duration-ms="132" status="PASS">
          <reporter-output>
          </reporter-output>
        </test-method> <!-- stop -->
        <test-method is-config="true" signature="start()[pri:0, instance:OpenWeather.ZenoAssigment.MainTestClass@3b0fe47a]" started-at="2024-04-23T22:29:54 IST" name="start" finished-at="2024-04-23T22:29:58 IST" duration-ms="3849" status="PASS">
          <reporter-output>
          </reporter-output>
        </test-method> <!-- start -->
        <test-method signature="weatherInYourCity(java.lang.String)[pri:0, instance:OpenWeather.ZenoAssigment.MainTestClass@3b0fe47a]" started-at="2024-04-23T22:29:58 IST" name="weatherInYourCity" data-provider="getDataOne" finished-at="2024-04-23T22:30:11 IST" duration-ms="13491" status="PASS">
          <params>
            <param index="0">
              <value>
                <![CDATA[Agra]]>
              </value>
            </param>
          </params>
          <reporter-output>
          </reporter-output>
        </test-method> <!-- weatherInYourCity -->
        <test-method is-config="true" signature="stop()[pri:0, instance:OpenWeather.ZenoAssigment.MainTestClass@3b0fe47a]" started-at="2024-04-23T22:30:11 IST" name="stop" finished-at="2024-04-23T22:30:11 IST" duration-ms="133" status="PASS">
          <reporter-output>
          </reporter-output>
        </test-method> <!-- stop -->
      </class> <!-- OpenWeather.ZenoAssigment.MainTestClass -->
    </test> <!-- Test -->
  </suite> <!-- Suite -->
</testng-results>
