<?xml version="1.0" encoding="UTF-8"?>
<testng-results ignored="0" total="11" passed="11" failed="0" skipped="0">
  <reporter-output>
  </reporter-output>
  <suite started-at="2024-04-23T23:06:50 IST" name="Suite" finished-at="2024-04-23T23:09:16 IST" duration-ms="146478">
    <groups>
    </groups>
    <test started-at="2024-04-23T23:06:50 IST" name="Test" finished-at="2024-04-23T23:09:16 IST" duration-ms="146478">
      <class name="OpenWeather.ZenoAssigment.MainTestClass">
        <test-method is-config="true" signature="engine()[pri:0, instance:OpenWeather.ZenoAssigment.MainTestClass@202b0582]" started-at="2024-04-23T23:06:50 IST" name="engine" finished-at="2024-04-23T23:06:50 IST" duration-ms="282" status="PASS">
          <reporter-output>
          </reporter-output>
        </test-method> <!-- engine -->
        <test-method is-config="true" signature="start()[pri:0, instance:OpenWeather.ZenoAssigment.MainTestClass@202b0582]" started-at="2024-04-23T23:06:50 IST" name="start" finished-at="2024-04-23T23:06:55 IST" duration-ms="4739" status="PASS">
          <reporter-output>
          </reporter-output>
        </test-method> <!-- start -->
        <test-method signature="guidePage()[pri:0, instance:OpenWeather.ZenoAssigment.MainTestClass@202b0582]" started-at="2024-04-23T23:06:55 IST" name="guidePage" finished-at="2024-04-23T23:06:55 IST" duration-ms="725" status="PASS">
          <reporter-output>
          </reporter-output>
        </test-method> <!-- guidePage -->
        <test-method is-config="true" signature="stop()[pri:0, instance:OpenWeather.ZenoAssigment.MainTestClass@202b0582]" started-at="2024-04-23T23:06:55 IST" name="stop" finished-at="2024-04-23T23:06:55 IST" duration-ms="127" status="PASS">
          <reporter-output>
          </reporter-output>
        </test-method> <!-- stop -->
        <test-method is-config="true" signature="start()[pri:0, instance:OpenWeather.ZenoAssigment.MainTestClass@202b0582]" started-at="2024-04-23T23:06:55 IST" name="start" finished-at="2024-04-23T23:06:59 IST" duration-ms="3379" status="PASS">
          <reporter-output>
          </reporter-output>
        </test-method> <!-- start -->
        <test-method signature="weatherDetails(java.lang.String)[pri:0, instance:OpenWeather.ZenoAssigment.MainTestClass@202b0582]" started-at="2024-04-23T23:06:59 IST" name="weatherDetails" data-provider="getDataOne" finished-at="2024-04-23T23:07:03 IST" duration-ms="3913" status="PASS">
          <params>
            <param index="0">
              <value>
                <![CDATA[Location]]>
              </value>
            </param>
          </params>
          <reporter-output>
          </reporter-output>
        </test-method> <!-- weatherDetails -->
        <test-method is-config="true" signature="stop()[pri:0, instance:OpenWeather.ZenoAssigment.MainTestClass@202b0582]" started-at="2024-04-23T23:07:03 IST" name="stop" finished-at="2024-04-23T23:07:03 IST" duration-ms="144" status="PASS">
          <reporter-output>
          </reporter-output>
        </test-method> <!-- stop -->
        <test-method is-config="true" signature="start()[pri:0, instance:OpenWeather.ZenoAssigment.MainTestClass@202b0582]" started-at="2024-04-23T23:07:03 IST" name="start" finished-at="2024-04-23T23:07:07 IST" duration-ms="3883" status="PASS">
          <reporter-output>
          </reporter-output>
        </test-method> <!-- start -->
        <test-method signature="weatherDetails(java.lang.String)[pri:0, instance:OpenWeather.ZenoAssigment.MainTestClass@202b0582]" started-at="2024-04-23T23:07:07 IST" name="weatherDetails" data-provider="getDataOne" finished-at="2024-04-23T23:07:10 IST" duration-ms="3667" status="PASS">
          <params>
            <param index="0">
              <value>
                <![CDATA[Pune]]>
              </value>
            </param>
          </params>
          <reporter-output>
          </reporter-output>
        </test-method> <!-- weatherDetails -->
        <test-method is-config="true" signature="stop()[pri:0, instance:OpenWeather.ZenoAssigment.MainTestClass@202b0582]" started-at="2024-04-23T23:07:10 IST" name="stop" finished-at="2024-04-23T23:07:11 IST" duration-ms="114" status="PASS">
          <reporter-output>
          </reporter-output>
        </test-method> <!-- stop -->
        <test-method is-config="true" signature="start()[pri:0, instance:OpenWeather.ZenoAssigment.MainTestClass@202b0582]" started-at="2024-04-23T23:07:11 IST" name="start" finished-at="2024-04-23T23:07:14 IST" duration-ms="3478" status="PASS">
          <reporter-output>
          </reporter-output>
        </test-method> <!-- start -->
        <test-method signature="weatherDetails(java.lang.String)[pri:0, instance:OpenWeather.ZenoAssigment.MainTestClass@202b0582]" started-at="2024-04-23T23:07:14 IST" name="weatherDetails" data-provider="getDataOne" finished-at="2024-04-23T23:07:38 IST" duration-ms="23884" status="PASS">
          <params>
            <param index="0">
              <value>
                <![CDATA[yaragudi]]>
              </value>
            </param>
          </params>
          <reporter-output>
          </reporter-output>
        </test-method> <!-- weatherDetails -->
        <test-method is-config="true" signature="stop()[pri:0, instance:OpenWeather.ZenoAssigment.MainTestClass@202b0582]" started-at="2024-04-23T23:07:38 IST" name="stop" finished-at="2024-04-23T23:07:38 IST" duration-ms="122" status="PASS">
          <reporter-output>
          </reporter-output>
        </test-method> <!-- stop -->
        <test-method is-config="true" signature="start()[pri:0, instance:OpenWeather.ZenoAssigment.MainTestClass@202b0582]" started-at="2024-04-23T23:07:38 IST" name="start" finished-at="2024-04-23T23:07:42 IST" duration-ms="3780" status="PASS">
          <reporter-output>
          </reporter-output>
        </test-method> <!-- start -->
        <test-method signature="weatherDetails(java.lang.String)[pri:0, instance:OpenWeather.ZenoAssigment.MainTestClass@202b0582]" started-at="2024-04-23T23:07:42 IST" name="weatherDetails" data-provider="getDataOne" finished-at="2024-04-23T23:07:49 IST" duration-ms="7136" status="PASS">
          <params>
            <param index="0">
              <value>
                <![CDATA[Mumbai]]>
              </value>
            </param>
          </params>
          <reporter-output>
          </reporter-output>
        </test-method> <!-- weatherDetails -->
        <test-method is-config="true" signature="stop()[pri:0, instance:OpenWeather.ZenoAssigment.MainTestClass@202b0582]" started-at="2024-04-23T23:07:49 IST" name="stop" finished-at="2024-04-23T23:07:49 IST" duration-ms="186" status="PASS">
          <reporter-output>
          </reporter-output>
        </test-method> <!-- stop -->
        <test-method is-config="true" signature="start()[pri:0, instance:OpenWeather.ZenoAssigment.MainTestClass@202b0582]" started-at="2024-04-23T23:07:49 IST" name="start" finished-at="2024-04-23T23:07:53 IST" duration-ms="3828" status="PASS">
          <reporter-output>
          </reporter-output>
        </test-method> <!-- start -->
        <test-method signature="weatherDetails(java.lang.String)[pri:0, instance:OpenWeather.ZenoAssigment.MainTestClass@202b0582]" started-at="2024-04-23T23:07:53 IST" name="weatherDetails" data-provider="getDataOne" finished-at="2024-04-23T23:07:57 IST" duration-ms="4317" status="PASS">
          <params>
            <param index="0">
              <value>
                <![CDATA[Agra]]>
              </value>
            </param>
          </params>
          <reporter-output>
          </reporter-output>
        </test-method> <!-- weatherDetails -->
        <test-method is-config="true" signature="stop()[pri:0, instance:OpenWeather.ZenoAssigment.MainTestClass@202b0582]" started-at="2024-04-23T23:07:57 IST" name="stop" finished-at="2024-04-23T23:07:57 IST" duration-ms="104" status="PASS">
          <reporter-output>
          </reporter-output>
        </test-method> <!-- stop -->
        <test-method is-config="true" signature="start()[pri:0, instance:OpenWeather.ZenoAssigment.MainTestClass@202b0582]" started-at="2024-04-23T23:07:57 IST" name="start" finished-at="2024-04-23T23:08:00 IST" duration-ms="2305" status="PASS">
          <reporter-output>
          </reporter-output>
        </test-method> <!-- start -->
        <test-method signature="weatherInYourCity(java.lang.String)[pri:0, instance:OpenWeather.ZenoAssigment.MainTestClass@202b0582]" started-at="2024-04-23T23:08:00 IST" name="weatherInYourCity" data-provider="getDataOne" finished-at="2024-04-23T23:08:10 IST" duration-ms="9940" status="PASS">
          <params>
            <param index="0">
              <value>
                <![CDATA[Location]]>
              </value>
            </param>
          </params>
          <reporter-output>
          </reporter-output>
        </test-method> <!-- weatherInYourCity -->
        <test-method is-config="true" signature="stop()[pri:0, instance:OpenWeather.ZenoAssigment.MainTestClass@202b0582]" started-at="2024-04-23T23:08:10 IST" name="stop" finished-at="2024-04-23T23:08:10 IST" duration-ms="120" status="PASS">
          <reporter-output>
          </reporter-output>
        </test-method> <!-- stop -->
        <test-method is-config="true" signature="start()[pri:0, instance:OpenWeather.ZenoAssigment.MainTestClass@202b0582]" started-at="2024-04-23T23:08:10 IST" name="start" finished-at="2024-04-23T23:08:13 IST" duration-ms="3358" status="PASS">
          <reporter-output>
          </reporter-output>
        </test-method> <!-- start -->
        <test-method signature="weatherInYourCity(java.lang.String)[pri:0, instance:OpenWeather.ZenoAssigment.MainTestClass@202b0582]" started-at="2024-04-23T23:08:13 IST" name="weatherInYourCity" data-provider="getDataOne" finished-at="2024-04-23T23:08:21 IST" duration-ms="8080" status="PASS">
          <params>
            <param index="0">
              <value>
                <![CDATA[Pune]]>
              </value>
            </param>
          </params>
          <reporter-output>
          </reporter-output>
        </test-method> <!-- weatherInYourCity -->
        <test-method is-config="true" signature="stop()[pri:0, instance:OpenWeather.ZenoAssigment.MainTestClass@202b0582]" started-at="2024-04-23T23:08:21 IST" name="stop" finished-at="2024-04-23T23:08:21 IST" duration-ms="127" status="PASS">
          <reporter-output>
          </reporter-output>
        </test-method> <!-- stop -->
        <test-method is-config="true" signature="start()[pri:0, instance:OpenWeather.ZenoAssigment.MainTestClass@202b0582]" started-at="2024-04-23T23:08:21 IST" name="start" finished-at="2024-04-23T23:08:25 IST" duration-ms="3434" status="PASS">
          <reporter-output>
          </reporter-output>
        </test-method> <!-- start -->
        <test-method signature="weatherInYourCity(java.lang.String)[pri:0, instance:OpenWeather.ZenoAssigment.MainTestClass@202b0582]" started-at="2024-04-23T23:08:25 IST" name="weatherInYourCity" data-provider="getDataOne" finished-at="2024-04-23T23:08:44 IST" duration-ms="19224" status="PASS">
          <params>
            <param index="0">
              <value>
                <![CDATA[yaragudi]]>
              </value>
            </param>
          </params>
          <reporter-output>
          </reporter-output>
        </test-method> <!-- weatherInYourCity -->
        <test-method is-config="true" signature="stop()[pri:0, instance:OpenWeather.ZenoAssigment.MainTestClass@202b0582]" started-at="2024-04-23T23:08:44 IST" name="stop" finished-at="2024-04-23T23:08:44 IST" duration-ms="170" status="PASS">
          <reporter-output>
          </reporter-output>
        </test-method> <!-- stop -->
        <test-method is-config="true" signature="start()[pri:0, instance:OpenWeather.ZenoAssigment.MainTestClass@202b0582]" started-at="2024-04-23T23:08:44 IST" name="start" finished-at="2024-04-23T23:08:48 IST" duration-ms="4024" status="PASS">
          <reporter-output>
          </reporter-output>
        </test-method> <!-- start -->
        <test-method signature="weatherInYourCity(java.lang.String)[pri:0, instance:OpenWeather.ZenoAssigment.MainTestClass@202b0582]" started-at="2024-04-23T23:08:48 IST" name="weatherInYourCity" data-provider="getDataOne" finished-at="2024-04-23T23:09:04 IST" duration-ms="15273" status="PASS">
          <params>
            <param index="0">
              <value>
                <![CDATA[Mumbai]]>
              </value>
            </param>
          </params>
          <reporter-output>
          </reporter-output>
        </test-method> <!-- weatherInYourCity -->
        <test-method is-config="true" signature="stop()[pri:0, instance:OpenWeather.ZenoAssigment.MainTestClass@202b0582]" started-at="2024-04-23T23:09:04 IST" name="stop" finished-at="2024-04-23T23:09:04 IST" duration-ms="131" status="PASS">
          <reporter-output>
          </reporter-output>
        </test-method> <!-- stop -->
        <test-method is-config="true" signature="start()[pri:0, instance:OpenWeather.ZenoAssigment.MainTestClass@202b0582]" started-at="2024-04-23T23:09:04 IST" name="start" finished-at="2024-04-23T23:09:07 IST" duration-ms="3802" status="PASS">
          <reporter-output>
          </reporter-output>
        </test-method> <!-- start -->
        <test-method signature="weatherInYourCity(java.lang.String)[pri:0, instance:OpenWeather.ZenoAssigment.MainTestClass@202b0582]" started-at="2024-04-23T23:09:07 IST" name="weatherInYourCity" data-provider="getDataOne" finished-at="2024-04-23T23:09:16 IST" duration-ms="8393" status="PASS">
          <params>
            <param index="0">
              <value>
                <![CDATA[Agra]]>
              </value>
            </param>
          </params>
          <reporter-output>
          </reporter-output>
        </test-method> <!-- weatherInYourCity -->
        <test-method is-config="true" signature="stop()[pri:0, instance:OpenWeather.ZenoAssigment.MainTestClass@202b0582]" started-at="2024-04-23T23:09:16 IST" name="stop" finished-at="2024-04-23T23:09:16 IST" duration-ms="158" status="PASS">
          <reporter-output>
          </reporter-output>
        </test-method> <!-- stop -->
      </class> <!-- OpenWeather.ZenoAssigment.MainTestClass -->
    </test> <!-- Test -->
  </suite> <!-- Suite -->
</testng-results>
